Build started 2/16/2014 1:54:24 AM.
     1>Project "c:\Users\rina\documents\visual studio 2010\Projects\rtmidi-2.16\rtmidi-2.16\rtmidi-2.16.vcxproj" on node 2 (build target(s)).
     1>PrepareForBuild:
         Creating directory "c:\users\rina\documents\visual studio 2010\Projects\rtmidi-2.16\Debug\".
       InitializeBuildStatus:
         Creating "Debug\rtmidi-2.16.unsuccessfulbuild" because "AlwaysCreate" was specified.
       ClCompile:
         C:\Program Files (x86)\Microsoft Visual Studio 10.0\VC\bin\CL.exe /c /ZI /nologo /W3 /WX- /Od /Oy- /D WIN32 /D _DEBUG /D _CONSOLE /D _UNICODE /D UNICODE /Gm /EHsc /RTC1 /MDd /GS /fp:precise /Zc:wchar_t /Zc:forScope /Fo"Debug\\" /Fd"Debug\vc100.pdb" /Gd /TP /analyze- /errorReport:prompt main.cpp RtMidi.cpp
         RtMidi.cpp
         main.cpp
         Generating Code...
       ManifestResourceCompile:
         C:\Program Files (x86)\Microsoft SDKs\Windows\v7.0A\bin\rc.exe /nologo /fo"Debug\rtmidi-2.16.exe.embed.manifest.res" Debug\rtmidi-2.16_manifest.rc 
       Link:
         C:\Program Files (x86)\Microsoft Visual Studio 10.0\VC\bin\link.exe /ERRORREPORT:PROMPT /OUT:"c:\users\rina\documents\visual studio 2010\Projects\rtmidi-2.16\Debug\rtmidi-2.16.exe" /INCREMENTAL /NOLOGO kernel32.lib user32.lib gdi32.lib winspool.lib comdlg32.lib advapi32.lib shell32.lib ole32.lib oleaut32.lib uuid.lib odbc32.lib odbccp32.lib winmm.lib kernel32.lib user32.lib gdi32.lib winspool.lib comdlg32.lib advapi32.lib shell32.lib ole32.lib oleaut32.lib uuid.lib odbc32.lib odbccp32.lib /MANIFEST /ManifestFile:"Debug\rtmidi-2.16.exe.intermediate.manifest" /MANIFESTUAC:"level='asInvoker' uiAccess='false'" /DEBUG /PDB:"c:\users\rina\documents\visual studio 2010\Projects\rtmidi-2.16\Debug\rtmidi-2.16.pdb" /SUBSYSTEM:CONSOLE /TLBID:1 /DYNAMICBASE /NXCOMPAT /IMPLIB:"c:\users\rina\documents\visual studio 2010\Projects\rtmidi-2.16\Debug\rtmidi-2.16.lib" /MACHINE:X86 "Debug\rtmidi-2.16.exe.embed.manifest.res"
         Debug\main.obj
         Debug\RtMidi.obj
       Manifest:
         C:\Program Files (x86)\Microsoft SDKs\Windows\v7.0A\bin\mt.exe /nologo /verbose /out:"Debug\rtmidi-2.16.exe.embed.manifest" /manifest "Debug\rtmidi-2.16.exe.intermediate.manifest"
         C:\Program Files (x86)\Microsoft SDKs\Windows\v7.0A\bin\rc.exe /nologo /fo"Debug\rtmidi-2.16.exe.embed.manifest.res" Debug\rtmidi-2.16_manifest.rc 
       LinkEmbedManifest:
         C:\Program Files (x86)\Microsoft Visual Studio 10.0\VC\bin\link.exe /ERRORREPORT:PROMPT /OUT:"c:\users\rina\documents\visual studio 2010\Projects\rtmidi-2.16\Debug\rtmidi-2.16.exe" /INCREMENTAL /NOLOGO kernel32.lib user32.lib gdi32.lib winspool.lib comdlg32.lib advapi32.lib shell32.lib ole32.lib oleaut32.lib uuid.lib odbc32.lib odbccp32.lib winmm.lib kernel32.lib user32.lib gdi32.lib winspool.lib comdlg32.lib advapi32.lib shell32.lib ole32.lib oleaut32.lib uuid.lib odbc32.lib odbccp32.lib /MANIFEST /ManifestFile:"Debug\rtmidi-2.16.exe.intermediate.manifest" /MANIFESTUAC:"level='asInvoker' uiAccess='false'" /DEBUG /PDB:"c:\users\rina\documents\visual studio 2010\Projects\rtmidi-2.16\Debug\rtmidi-2.16.pdb" /SUBSYSTEM:CONSOLE /TLBID:1 /DYNAMICBASE /NXCOMPAT /IMPLIB:"c:\users\rina\documents\visual studio 2010\Projects\rtmidi-2.16\Debug\rtmidi-2.16.lib" /MACHINE:X86 "Debug\rtmidi-2.16.exe.embed.manifest.res"
         Debug\main.obj
         Debug\RtMidi.obj
         rtmidi-2.16.vcxproj -> c:\users\rina\documents\visual studio 2010\Projects\rtmidi-2.16\Debug\rtmidi-2.16.exe
       FinalizeBuildStatus:
         Deleting file "Debug\rtmidi-2.16.unsuccessfulbuild".
         Touching "Debug\rtmidi-2.16.lastbuildstate".
     1>Done Building Project "c:\Users\rina\documents\visual studio 2010\Projects\rtmidi-2.16\rtmidi-2.16\rtmidi-2.16.vcxproj" (build target(s)).

Build succeeded.

Time Elapsed 00:00:04.24
